{"contracts/Token.sol":{"l":{"36":33,"40":4,"41":3,"42":3,"43":3,"44":3,"48":2,"49":2,"50":2,"54":1,"55":1,"56":1,"57":1,"58":1},"path":"/home/appinventiv/Desktop/Erc_Token/contracts/Token.sol","s":{"1":4,"2":3,"3":3,"4":2,"5":2,"6":1,"7":1},"b":{"1":[3,1]},"f":{"1":33,"2":4,"3":2,"4":1},"fnMap":{"1":{"name":"constructor","line":35,"loc":{"start":{"line":35,"column":4},"end":{"line":37,"column":4}}},"2":{"name":"transfer","line":39,"loc":{"start":{"line":39,"column":4},"end":{"line":45,"column":4}}},"3":{"name":"approve","line":47,"loc":{"start":{"line":47,"column":4},"end":{"line":51,"column":4}}},"4":{"name":"transferFrom","line":53,"loc":{"start":{"line":53,"column":4},"end":{"line":59,"column":4}}}},"statementMap":{"1":{"start":{"line":40,"column":8},"end":{"line":40,"column":68}},"2":{"start":{"line":43,"column":8},"end":{"line":43,"column":54}},"3":{"start":{"line":44,"column":8},"end":{"line":44,"column":19}},"4":{"start":{"line":49,"column":8},"end":{"line":49,"column":52}},"5":{"start":{"line":50,"column":8},"end":{"line":50,"column":19}},"6":{"start":{"line":57,"column":8},"end":{"line":57,"column":50}},"7":{"start":{"line":58,"column":8},"end":{"line":58,"column":20}}},"branchMap":{"1":{"line":40,"type":"if","locations":[{"start":{"line":40,"column":8},"end":{"line":40,"column":8}},{"start":{"line":40,"column":8},"end":{"line":40,"column":8}}]}}}}